-20719
168 118 82
46 295 80
331 186 80
335 396 79
37 145 78
404 344 77
443 265 77
292 108 76
36 288 76
36 256 75
348 143 74
79 413 73
346 261 73
79 324 73
336 429 73
374 343 72
326 271 72
99 56 71
140 305 71
159 466 71
411 471 70
414 141 70
498 197 70
84 141 70
433 320 70
61 288 70
22 429 69
181 357 69
147 240 69
265 214 69
290 11 69
61 219 69
124 188 69
443 22 68
106 387 68
342 291 68
73 180 68
84 125 68
292 170 68
84 91 67
379 276 67
486 366 67
490 479 66
424 434 66
18 404 66
271 94 66
142 143 66
142 311 66
222 288 65
21 306 65
155 1 65
259 36 64
207 24 64
349 336 64
80 474 64
5 158 64
226 157 64
210 372 63
39 188 63
292 162 63
29 489 63
479 63 63
286 417 62
15 22 62
114 178 62
396 206 62
52 105 62
418 488 62
357 419 61
272 419 61
13 402 61
171 50 61
311 324 61
443 415 61
301 37 61
5 153 60
398 311 60
447 196 60
255 239 60
68 434 60
407 216 59
148 145 59
108 331 59
347 332 59
460 424 59
315 169 59
153 427 58
163 282 58
287 311 58
209 380 58
244 455 58
173 465 58
252 351 58
340 286 57
320 329 57
24 20 57
147 495 57
304 216 57
271 349 56
128 99 56
123 215 56
241 275 56
229 317 56
235 349 56
463 401 56
237 251 55
317 470 55
79 451 55
169 115 55
197 385 55
278 436 55
325 483 55
17 382 55
398 144 55
97 348 55
284 233 54
397 104 54
409 316 54
370 471 54
415 377 54
266 21 54
264 399 54
373 77 54
374 260 53
306 3 53
316 99 53
340 204 53
272 452 53
467 184 53
3 109 53
311 214 53
395 142 53
246 159 52
245 72 52
34 453 52
55 339 52
346 298 51
391 35 51
315 121 51
14 182 51
488 254 51
15 6 50
15 314 50
457 308 50
496 331 50
499 291 50
247 240 49
10 281 49
303 486 49
291 296 49
99 96 49
380 174 49
63 399 49
72 282 48
63 97 48
315 145 48
7 413 48
308 217 48
267 260 48
97 416 47
174 462 47
327 221 47
94 239 47
91 498 47
289 385 46
218 312 46
386 43 46
153 453 46
391 398 46
361 105 46
18 245 46
108 71 45
409 213 45
177 235 45
75 215 45
164 221 45
487 248 45
249 151 45
462 383 45
398 197 45
286 430 44
400 165 44
261 260 44
353 278 44
345 281 44
398 374 44
490 287 43
148 208 43
147 447 43
27 254 43
30 233 43
11 241 43
220 113 42
177 238 42
342 262 42
227 114 42
499 257 42
267 295 42
43 61 42
324 171 41
21 178 41
272 178 41
192 28 41
287 429 41
96 408 41
344 134 41
170 86 41
331 33 40
53 247 40
181 59 40
53 137 40
408 85 40
131 279 40
141 182 40
87 283 40
422 397 40
326 408 39
370 107 39
220 306 39
9 292 39
115 234 39
43 218 38
275 303 38
51 484 38
370 113 38
270 234 37
224 266 37
376 438 37
157 176 37
276 195 36
460 386 36
14 256 36
278 434 36
460 246 36
1 38 36
244 235 36
73 22 36
423 109 35
153 397 35
89 134 35
122 326 35
265 232 35
32 187 35
102 317 35
475 68 35
164 320 35
370 102 34
64 298 34
388 365 34
51 209 34
90 288 34
355 438 34
381 313 34
365 180 34
260 32 34
142 62 34
250 78 33
499 270 33
498 126 33
150 360 33
100 109 33
293 254 33
123 292 33
312 131 33
259 145 33
213 396 33
329 121 32
211 217 32
339 479 32
187 310 32
15 447 32
35 103 31
124 336 31
282 284 31
117 260 31
45 382 31
301 359 31
405 83 31
462 164 30
454 39 30
389 406 30
477 207 30
231 446 30
39 103 30
368 8 30
189 378 29
438 175 29
305 378 29
348 127 29
111 139 29
7 487 29
177 492 29
52 67 29
5 368 29
136 344 29
414 409 28
353 79 28
221 345 28
460 157 28
219 497 28
408 126 28
119 196 28
435 192 27
81 403 27
259 21 27
443 234 27
379 191 27
90 87 27
82 363 27
185 56 27
340 355 26
43 484 26
50 160 26
224 296 26
17 204 26
309 189 26
445 157 26
185 460 26
299 361 25
245 433 25
257 240 25
310 183 25
263 385 25
417 250 25
208 264 25
240 193 25
15 13 25
35 272 24
116 325 24
329 316 24
295 375 24
209 220 24
97 420 23
488 3 23
350 71 23
376 319 23
39 423 23
269 34 23
226 395 22
282 327 22
100 402 22
157 117 22
22 163 22
293 7 22
144 230 22
491 10 22
36 481 21
61 350 21
433 142 21
46 432 21
139 264 21
142 260 21
127 300 20
277 288 20
34 329 20
200 15 20
278 325 20
291 319 20
480 261 20
447 248 19
380 491 19
369 176 19
241 149 19
196 209 19
333 232 19
202 187 19
30 352 19
193 355 19
101 396 18
54 155 18
111 215 18
356 420 18
60 349 18
159 359 18
441 434 18
336 134 18
17 473 17
273 162 17
39 85 17
101 8 17
26 461 17
457 140 17
285 334 17
371 197 16
296 389 16
152 445 16
241 212 16
238 103 16
59 15 15
218 310 15
347 454 15
349 28 15
379 174 15
295 9 14
415 446 14
78 467 14
282 348 14
274 20 14
80 463 14
159 15 13
379 462 13
196 141 13
348 390 13
428 439 13
493 347 13
206 421 13
34 367 13
203 389 12
86 212 12
348 78 12
206 285 12
404 305 12
433 57 12
381 482 12
260 140 12
233 330 11
394 335 11
202 160 11
314 263 11
188 441 11
21 165 11
94 237 11
6 122 11
244 406 10
160 471 10
313 12 10
97 35 10
140 54 10
195 63 10
421 498 9
256 424 9
438 460 9
350 26 9
478 304 9
129 81 9
320 494 9
414 68 9
459 62 8
295 57 8
245 29 8
410 209 8
151 465 8
176 216 8
11 30 8
333 456 7
285 427 7
12 478 7
123 425 7
375 435 7
207 156 7
449 87 7
465 17 6
135 371 6
139 394 6
206 203 6
17 467 6
163 60 6
244 376 5
19 451 5
129 415 5
280 342 5
194 341 5
389 439 4
328 414 4
56 155 4
332 223 4
407 360 4
360 441 4
299 480 4
341 370 4
256 367 3
89 106 3
10 490 3
116 157 3
487 429 3
129 177 3
31 26 2
70 111 2
97 16 2
236 394 2
86 145 2
317 270 2
323 50 2
103 263 2
189 486 1
469 394 1
443 326 1
88 49 1
429 490 1
140 80 1
446 421 1
95 71 1
120 196 0
487 202 0
255 439 0
146 272 0
394 377 0
356 205 0
199 289 0
184 194 -1
366 208 -1
497 109 -1
402 253 -1
364 341 -1
404 339 -1
143 379 -1
97 427 -1
483 174 -1
301 458 -2
483 34 -2
142 198 -2
96 17 -2
342 269 -2
419 319 -2
101 25 -3
496 217 -3
267 411 -3
132 8 -3
420 489 -3
447 336 -3
383 456 -3
399 251 -3
313 441 -3
92 51 -3
331 447 -4
185 180 -4
118 421 -4
460 32 -4
326 483 -4
314 27 -5
485 212 -5
193 223 -5
279 237 -5
476 427 -5
411 124 -5
127 450 -5
155 150 -6
251 247 -6
312 351 -6
379 331 -6
403 40 -6
343 42 -7
403 236 -7
42 282 -7
340 385 -7
352 362 -7
452 183 -7
385 162 -7
146 227 -7
137 274 -8
242 90 -8
433 137 -8
267 210 -8
178 114 -8
120 135 -8
328 82 -8
229 116 -8
293 455 -9
209 49 -9
290 345 -9
444 58 -9
189 72 -9
52 29 -9
218 424 -9
328 103 -9
374 15 -9
218 0 -9
497 216 -10
308 340 -10
469 161 -10
107 134 -10
131 292 -10
437 115 -10
10 285 -10
444 231 -10
361 149 -10
423 361 -11
404 6 -11
285 257 -11
159 107 -11
88 353 -11
322 258 -11
357 102 -11
208 304 -12
350 82 -12
19 41 -12
466 476 -12
494 98 -12
57 214 -13
381 3 -13
471 351 -13
434 120 -13
34 191 -13
92 18 -14
262 240 -14
316 273 -14
125 418 -14
316 120 -14
346 274 -14
498 231 -14
229 273 -14
311 400 -15
187 429 -15
61 449 -15
373 92 -15
325 163 -15
85 274 -15
374 50 -15
15 52 -15
444 249 -15
245 386 -16
430 135 -16
19 168 -16
103 189 -16
0 206 -16
499 169 -16
43 118 -16
281 393 -17
133 162 -17
464 142 -17
25 40 -17
308 360 -17
69 369 -17
61 318 -17
470 154 -18
469 306 -18
440 281 -18
335 148 -18
42 65 -18
3 388 -18
234 140 -18
179 58 -19
87 289 -19
235 84 -19
212 417 -19
124 491 -19
292 244 -19
109 255 -19
184 48 -20
45 301 -20
115 257 -20
126 257 -20
191 368 -20
409 215 -21
486 131 -21
103 150 -21
460 469 -21
310 470 -21
213 431 -21
177 171 -21
4 378 -22
429 376 -22
212 217 -22
140 406 -23
115 1 -23
341 41 -23
458 374 -23
36 239 -23
32 212 -23
23 265 -24
286 320 -24
205 310 -24
488 338 -24
159 343 -24
373 172 -24
398 13 -25
333 168 -25
25 375 -25
245 486 -25
6 131 -25
276 445 -25
349 108 -25
218 263 -25
365 470 -25
194 362 -25
278 482 -26
266 445 -26
478 161 -26
259 184 -26
323 434 -26
174 463 -26
61 122 -26
200 135 -26
144 90 -27
236 112 -27
56 227 -27
269 418 -27
29 308 -27
223 290 -27
72 424 -28
74 339 -28
381 36 -28
246 376 -28
298 316 -28
60 51 -28
496 354 -28
398 433 -28
214 33 -28
362 267 -28
193 85 -28
485 210 -29
240 341 -29
24 313 -29
450 396 -29
495 465 -29
432 401 -30
140 467 -30
470 443 -30
146 111 -30
2 438 -30
443 81 -30
301 368 -30
114 375 -30
164 445 -31
313 302 -31
39 191 -31
242 254 -31
293 163 -31
429 304 -31
337 398 -31
220 246 -31
400 184 -32
92 432 -32
398 400 -32
98 100 -32
295 238 -32
141 351 -32
496 209 -32
469 493 -32
156 388 -33
192 322 -33
69 468 -33
239 330 -33
137 224 -33
434 182 -33
26 113 -33
139 469 -34
111 154 -34
479 421 -34
233 153 -34
69 48 -34
430 499 -34
217 213 -34
407 380 -34
177 329 -34
195 18 -35
6 292 -35
328 329 -35
462 299 -35
74 445 -35
76 20 -35
315 437 -36
76 478 -36
105 211 -36
90 147 -36
394 11 -36
43 425 -36
210 475 -36
431 36 -36
360 457 -37
29 429 -37
34 497 -37
376 334 -37
85 79 -37
329 491 -37
453 58 -37
251 136 -37
492 496 -37
385 250 -38
362 74 -38
13 83 -38
357 184 -38
466 75 -38
257 442 -38
41 95 -38
328 435 -38
115 121 -38
134 424 -39
443 469 -39
394 494 -39
298 7 -39
286 266 -39
257 41 -39
5 69 -40
89 485 -40
81 136 -40
241 284 -40
387 269 -40
259 185 -40
401 197 -40
385 249 -40
79 104 -40
160 159 -41
45 206 -41
344 367 -41
60 108 -41
27 19 -41
278 470 -41
81 311 -41
114 1 -41
238 326 -41
267 125 -42
293 370 -42
388 215 -42
85 395 -42
256 437 -42
291 313 -42
205 44 -42
48 349 -42
115 155 -42
436 362 -42
55 0 -42
439 344 -43
184 434 -43
365 461 -43
451 152 -43
113 427 -43
139 415 -43
10 455 -44
3 41 -44
122 344 -44
35 474 -44
25 497 -44
107 413 -44
410 194 -44
296 243 -45
354 373 -45
284 361 -45
227 354 -45
206 146 -45
378 230 -45
168 454 -45
438 119 -45
185 179 -45
468 421 -45
120 87 -45
10 288 -46
360 349 -46
173 249 -46
489 158 -46
241 392 -46
71 473 -46
447 131 -47
412 271 -47
38 42 -47
466 327 -47
403 7 -48
310 199 -48
421 283 -48
338 44 -48
340 488 -48
214 262 -48
41 432 -48
334 278 -48
324 255 -49
157 10 -49
404 128 -49
291 220 -49
105 343 -50
359 32 -50
239 21 -50
312 203 -50
494 269 -50
274 451 -50
337 372 -50
295 293 -50
242 357 -50
444 223 -50
314 246 -51
88 39 -51
185 399 -51
493 143 -51
341 224 -51
355 264 -52
55 332 -52
346 23 -52
293 8 -52
130 71 -52
24 151 -52
25 61 -52
375 183 -52
235 452 -53
248 400 -53
52 31 -53
235 138 -53
216 395 -53
275 26 -53
112 271 -53
339 383 -53
454 166 -53
390 200 -53
318 414 -53
12 151 -54
377 5 -54
170 269 -54
314 79 -54
127 94 -54
453 279 -54
155 444 -54
5 326 -54
180 495 -54
492 66 -54
256 371 -54
195 317 -54
46 328 -55
416 236 -55
294 107 -55
71 9 -55
13 322 -55
433 494 -55
127 51 -55
148 43 -56
30 24 -56
410 140 -56
82 188 -56
44 35 -56
399 324 -56
494 106 -56
466 283 -57
332 143 -57
436 216 -57
327 2 -57
311 410 -57
349 83 -57
90 313 -57
480 345 -57
221 119 -58
117 171 -58
57 280 -58
189 384 -58
207 190 -59
230 225 -59
318 446 -59
208 411 -59
423 454 -59
267 128 -59
315 393 -59
393 287 -60
313 451 -60
248 251 -60
102 484 -60
313 29 -60
100 332 -60
432 21 -60
365 185 -61
445 410 -61
359 344 -61
218 186 -61
449 73 -61
219 403 -61
281 404 -61
463 461 -61
80 291 -62
294 71 -62
109 179 -62
199 61 -62
251 122 -62
414 289 -62
402 151 -62
290 104 -62
352 27 -62
263 397 -63
299 35 -63
90 245 -63
150 147 -63
330 435 -63
312 240 -63
478 405 -63
114 182 -63
359 247 -64
178 310 -64
334 337 -64
16 246 -64
292 414 -65
485 206 -65
247 249 -65
228 42 -65
435 441 -65
265 428 -65
453 439 -65
153 165 -65
142 140 -65
383 115 -66
126 174 -66
16 92 -66
470 62 -66
39 263 -66
285 291 -66
156 179 -66
224 446 -66
324 465 -66
253 252 -66
400 445 -66
221 355 -66
203 408 -67
431 164 -67
473 295 -67
495 138 -67
423 426 -67
131 426 -67
358 98 -67
63 237 -67
0 448 -67
179 17 -68
487 107 -68
70 135 -68
4 413 -68
420 460 -68
354 169 -68
445 215 -68
253 432 -68
282 231 -68
153 12 -68
76 445 -68
29 53 -69
193 240 -69
93 494 -69
481 171 -69
448 368 -69
61 208 -69
136 199 -69
232 187 -69
284 297 -69
222 498 -69
454 333 -70
303 219 -70
82 392 -70
474 43 -70
345 341 -70
124 196 -70
377 424 -70
467 264 -70
375 388 -71
335 302 -71
152 361 -71
209 145 -71
198 460 -71
251 347 -71
433 319 -71
409 472 -72
481 458 -72
336 219 -72
106 166 -72
222 462 -72
8 246 -72
156 210 -72
342 459 -72
301 272 -73
348 55 -73
389 196 -73
33 29 -73
125 464 -73
226 388 -73
162 125 -74
452 311 -74
181 98 -74
130 250 -74
311 275 -74
55 368 -74
371 228 -74
143 461 -74
325 143 -75
471 348 -75
291 76 -75
124 318 -75
205 46 -75
431 463 -75
344 476 -75
286 413 -76
437 131 -76
414 480 -76
27 40 -76
449 120 -76
140 83 -76
428 44 -76
488 232 -76
7 336 -77
318 172 -77
432 65 -77
479 144 -77
235 2 -78
48 15 -78
383 196 -78
159 155 -78
189 373 -78
124 107 -78
497 81 -79
182 50 -79
152 489 -79
392 391 -79
493 315 -79
20 423 -79
483 141 -79
289 188 -80
163 395 -80
84 443 -80
114 435 -80
191 217 -80
144 330 -81
434 356 -81
306 430 -81
381 24 -81
282 375 -81
209 408 -81
44 222 -82
294 490 -82
12 282 -82
183 210 -82
127 498 -82
466 250 -82
455 298 -83
488 457 -83
219 489 -83
236 268 -83
254 462 -83
236 258 -84
90 352 -84
312 248 -84
126 158 -84
203 439 -84
35 79 -84
220 370 -84
254 420 -85
326 30 -85
343 159 -85
433 125 -85
45 438 -85
200 277 -85
132 45 -85
279 423 -85
228 456 -85
299 131 -85
469 453 -86
489 360 -86
118 262 -86
467 214 -86
383 80 -86
410 174 -87
26 179 -87
357 399 -87
259 56 -87
109 207 -87
120 499 -87
440 102 -88
85 191 -88
236 411 -88
2 201 -88
6 256 -88
435 448 -88
349 92 -89
396 72 -89
207 78 -89
79 138 -89
105 17 -89
332 170 -89
442 301 -89
27 375 -89
238 484 -89
101 422 -90
208 322 -90
226 113 -90
442 190 -90
178 264 -90
331 432 -90
190 174 -90
43 9 -90
156 41 -90
166 390 -91
229 385 -91
126 109 -91
127 45 -91
304 9 -91
142 322 -91
192 14 -92
462 74 -92
261 419 -92
371 31 -92
39 277 -93
77 43 -93
209 3 -93
296 440 -93
449 13 -93
127 396 -93
330 226 -93
267 235 -93
312 440 -93
94 209 -93
118 255 -93
461 370 -93
300 419 -93
389 220 -94
430 106 -94
383 292 -94
317 227 -94
61 84 -94
138 328 -94
428 259 -94
299 373 -94
47 340 -95
293 216 -95
71 285 -95
487 169 -95
301 24 -95
346 175 -95
213 59 -95
9 234 -96
447 284 -96
467 22 -96
175 430 -96
466 176 -96
135 270 -96
59 477 -96
379 363 -96
253 295 -97
236 454 -97
357 474 -97
411 1 -97
307 191 -97
15 112 -97
286 51 -97
324 146 -98
24 100 -98
176 254 -98
392 182 -98
177 421 -98
126 443 -98
430 101 -98
9 133 -98
476 113 -98
312 379 -98
345 117 -99
64 207 -99
118 172 -99
247 128 -99
455 281 -99
173 383 -99
125 154 -99
298 349 -99
140 401 -99
98 7 -99
459 279 -99
101 308 -99
219 12 -99
232 363 -100
330 365 -100
353 69 -100
493 39 -100
390 239 -100
126 284 -100
161 193 -100
